Wed Feb 10 02:47:17 MSK 2021


=============== CUB3D DESTROYER - DAMAGE REPORT ===============



=====================[DESTROYED STUFF # 1]=====================
./invalid_maps/invalid_RGB_000.cub
R 1080 720
NO ./wolftex/greystone.xpm
SO ./wolftex/redbrick.xpm
EA ./wolftex/wood.xpm
WE ./wolftex/wood.xpm
S ./wolftex/SPRITE.xpm
C 255,200,
F 122,122,122

11111111111111111
10000000000000001
10200000200000201
10000000000000001
10002000200020001
10000000000000001
10202020N02020201
10000000000000001
10002000200200001
10000000000000001
10200000200002001
10000000000000001
11111111111111111


PARSER OUTPUT:
Error.
TRASH AT THE END OF THE LINE!!! FUUUUUUUUUU


=====================[DESTROYED STUFF # 2]=====================
./invalid_maps/invalid_RGB_001.cub
R 1080 720
NO ./wolftex/greystone.xpm
SO ./wolftex/redbrick.xpm
EA ./wolftex/wood.xpm
WE ./wolftex/wood.xpm
S ./wolftex/SPRITE.xpm
C 255,200,160
F

11111111111111111
10000000000000001
10200000200000201
10000000000000001
10002000200020001
10000000000000001
10202020N02020201
10000000000000001
10002000200200001
10000000000000001
10200000200002001
10000000000000001
11111111111111111


PARSER OUTPUT:
Error.
Bro you have duplicated or missed one setting (◕‿◕)


=====================[DESTROYED STUFF # 3]=====================
./invalid_maps/invalid_RGB_002.cub
R 1080 720
NO ./wolftex/greystone.xpm
SO ./wolftex/redbrick.xpm
EA ./wolftex/wood.xpm
WE ./wolftex/wood.xpm
S ./wolftex/SPRITE.xpm
C
F 122,122,122

11111111111111111
10000000000000001
10200000200000201
10000000000000001
10002000200020001
10000000000000001
10202020N02020201
10000000000000001
10002000200200001
10000000000000001
10200000200002001
10000000000000001
11111111111111111


PARSER OUTPUT:
Error.
Bro you have duplicated or missed one setting (◕‿◕)


=====================[DESTROYED STUFF # 4]=====================
./invalid_maps/invalid_RGB_003.cub
R 1080 720
NO ./wolftex/greystone.xpm
SO ./wolftex/redbrick.xpm
EA ./wolftex/wood.xpm
WE ./wolftex/wood.xpm
S ./wolftex/SPRITE.xpm
C 255,200,160


11111111111111111
10000000000000001
10200000200000201
10000000000000001
10002000200020001
10000000000000001
10202020N02020201
10000000000000001
10002000200200001
10000000000000001
10200000200002001
10000000000000001
11111111111111111


PARSER OUTPUT:
Error.
Bro you have duplicated or missed one setting (◕‿◕)


=====================[DESTROYED STUFF # 5]=====================
./invalid_maps/invalid_RGB_004.cub
R 1080 720
NO ./wolftex/greystone.xpm
SO ./wolftex/redbrick.xpm
EA ./wolftex/wood.xpm
WE ./wolftex/wood.xpm
S ./wolftex/SPRITE.xpm

F 122,122,122

11111111111111111
10000000000000001
10200000200000201
10000000000000001
10002000200020001
10000000000000001
10202020N02020201
10000000000000001
10002000200200001
10000000000000001
10200000200002001
10000000000000001
11111111111111111


PARSER OUTPUT:
Error.
Bro you have duplicated or missed one setting (◕‿◕)


=====================[DESTROYED STUFF # 6]=====================
./invalid_maps/invalid_RGB_005.cub
R 1080 720
NO ./wolftex/greystone.xpm
SO ./wolftex/redbrick.xpm
EA ./wolftex/wood.xpm
WE ./wolftex/wood.xpm
S ./wolftex/SPRITE.xpm
C 255,200 160
F 122,122,122

11111111111111111
10000000000000001
10200000200000201
10000000000000001
10002000200020001
10000000000000001
10202020N02020201
10000000000000001
10002000200200001
10000000000000001
10200000200002001
10000000000000001
11111111111111111


PARSER OUTPUT:


=====================[DESTROYED STUFF # 7]=====================
./invalid_maps/invalid_RGB_006.cub
R 1080 720
NO ./wolftex/greystone.xpm
SO ./wolftex/redbrick.xpm
EA ./wolftex/wood.xpm
WE ./wolftex/wood.xpm
S ./wolftex/SPRITE.xpm
C 255 200,160
F 122,122,122

11111111111111111
10000000000000001
10200000200000201
10000000000000001
10002000200020001
10000000000000001
10202020N02020201
10000000000000001
10002000200200001
10000000000000001
10200000200002001
10000000000000001
11111111111111111


PARSER OUTPUT:


=====================[DESTROYED STUFF # 8]=====================
./invalid_maps/invalid_RGB_007.cub
R 1080 720
NO ./wolftex/greystone.xpm
SO ./wolftex/redbrick.xpm
EA ./wolftex/wood.xpm
WE ./wolftex/wood.xpm
S ./wolftex/SPRITE.xpm
C 
255,200,160
F 122,122,122

11111111111111111
10000000000000001
10200000200000201
10000000000000001
10002000200020001
10000000000000001
10202020N02020201
10000000000000001
10002000200200001
10000000000000001
10200000200002001
10000000000000001
11111111111111111


PARSER OUTPUT:
Error.
Bro you have duplicated or missed one setting (◕‿◕)


=====================[DESTROYED STUFF # 9]=====================
./invalid_maps/invalid_RGB_008.cub
R 1080 720
NO ./wolftex/greystone.xpm
SO ./wolftex/redbrick.xpm
EA ./wolftex/wood.xpm
WE ./wolftex/wood.xpm
S ./wolftex/SPRITE.xpm
C 255,200,160s
F 122,122,122

11111111111111111
10000000000000001
10200000200000201
10000000000000001
10002000200020001
10000000000000001
10202020N02020201
10000000000000001
10002000200200001
10000000000000001
10200000200002001
10000000000000001
11111111111111111


PARSER OUTPUT:
Error.
TRASH AT THE END OF THE LINE!!! FUUUUUUUUUU


=====================[DESTROYED STUFF #10]=====================
./invalid_maps/invalid_RGB_009.cub
R 1080 720
NO ./wolftex/greystone.xpm
SO ./wolftex/redbrick.xpm
EA ./wolftex/wood.xpm
WE ./wolftex/wood.xpm
S ./wolftex/SPRITE.xpm
C 255,200,+160
F 122,122,122

11111111111111111
10000000000000001
10200000200000201
10000000000000001
10002000200020001
10000000000000001
10202020N02020201
10000000000000001
10002000200200001
10000000000000001
10200000200002001
10000000000000001
11111111111111111


PARSER OUTPUT:
Error.
TRASH AT THE END OF THE LINE!!! FUUUUUUUUUU
